<?xml version="1.0" encoding="UTF-8"?>
<!-- Generated by org.testng.reporters.JUnitXMLReporter -->
<testsuite ignored="0" hostname="LAPTOP-M6H3TVEN" failures="0" tests="3" name="Default test" time="8.815" errors="0" timestamp="2022-08-22T17:35:03 IST">
  <testcase classname="org.sdet38.practice.AddDesignationTest" name="addDesignationNegativeTest1" time="1.01"/>
  <testcase classname="org.sdet38.practice.AddDesignationTest" name="addDesignationNegativeTest2" time="0.926"/>
  <testcase classname="org.sdet38.practice.AddDesignationTest" name="addDesignationTest" time="1.182"/>
</testsuite> <!-- Default test -->
