<?xml version="1.0" encoding="UTF-8"?>
<!-- Generated by org.testng.reporters.JUnitXMLReporter -->
<testsuite ignored="0" hostname="LAPTOP-M6H3TVEN" failures="0" tests="1" name="Test" time="2.408" errors="0" timestamp="2022-08-17T17:29:32 IST">
  <testcase classname="com.edu.lms.genericUtility.BaseClass" name="@BeforeClass configBC" time="2.289">
    <failure type="io.github.bonigarcia.wdm.config.WebDriverManagerException" message="io.github.bonigarcia.wdm.config.WebDriverManagerException: java.net.UnknownHostException: chromedriver.storage.googleapis.com">
      <![CDATA[io.github.bonigarcia.wdm.config.WebDriverManagerException: io.github.bonigarcia.wdm.config.WebDriverManagerException: java.net.UnknownHostException: chromedriver.storage.googleapis.com
at io.github.bonigarcia.wdm.WebDriverManager.handleException(WebDriverManager.java:1412)
at io.github.bonigarcia.wdm.WebDriverManager.manage(WebDriverManager.java:1195)
at io.github.bonigarcia.wdm.WebDriverManager.fallback(WebDriverManager.java:1428)
at io.github.bonigarcia.wdm.WebDriverManager.handleException(WebDriverManager.java:1409)
at io.github.bonigarcia.wdm.WebDriverManager.manage(WebDriverManager.java:1195)
at io.github.bonigarcia.wdm.WebDriverManager.handleException(WebDriverManager.java:1402)
at io.github.bonigarcia.wdm.WebDriverManager.manage(WebDriverManager.java:1195)
at io.github.bonigarcia.wdm.WebDriverManager.setup(WebDriverManager.java:416)
at com.edu.lms.genericUtility.BaseClass.configBC(BaseClass.java:53)
at java.base/java.util.ArrayList.forEach(ArrayList.java:1511)
Caused by: io.github.bonigarcia.wdm.config.WebDriverManagerException: java.net.UnknownHostException: chromedriver.storage.googleapis.com
at io.github.bonigarcia.wdm.WebDriverManager.getDriversFromXml(WebDriverManager.java:1559)
at io.github.bonigarcia.wdm.managers.ChromeDriverManager.getDriverUrls(ChromeDriverManager.java:103)
at io.github.bonigarcia.wdm.WebDriverManager.createUrlHandler(WebDriverManager.java:1433)
at io.github.bonigarcia.wdm.WebDriverManager.download(WebDriverManager.java:1271)
at io.github.bonigarcia.wdm.WebDriverManager.manage(WebDriverManager.java:1189)
... 33 more
Caused by: java.net.UnknownHostException: chromedriver.storage.googleapis.com
at java.base/java.net.InetAddress$CachedAddresses.get(InetAddress.java:801)
at java.base/java.net.InetAddress.getAllByName0(InetAddress.java:1509)
at java.base/java.net.InetAddress.getAllByName(InetAddress.java:1367)
at java.base/java.net.InetAddress.getAllByName(InetAddress.java:1301)
at org.apache.hc.client5.http.SystemDefaultDnsResolver.resolve(SystemDefaultDnsResolver.java:43)
at org.apache.hc.client5.http.impl.io.DefaultHttpClientConnectionOperator.connect(DefaultHttpClientConnectionOperator.java:118)
at org.apache.hc.client5.http.impl.io.PoolingHttpClientConnectionManager.connect(PoolingHttpClientConnectionManager.java:396)
at org.apache.hc.client5.http.impl.classic.InternalExecRuntime.connectEndpoint(InternalExecRuntime.java:158)
at org.apache.hc.client5.http.impl.classic.InternalExecRuntime.connectEndpoint(InternalExecRuntime.java:168)
at org.apache.hc.client5.http.impl.classic.ConnectExec.execute(ConnectExec.java:136)
at org.apache.hc.client5.http.impl.classic.ExecChainElement.execute(ExecChainElement.java:51)
at org.apache.hc.client5.http.impl.classic.ExecChainElement$1.proceed(ExecChainElement.java:57)
at org.apache.hc.client5.http.impl.classic.ProtocolExec.execute(ProtocolExec.java:175)
at org.apache.hc.client5.http.impl.classic.ExecChainElement.execute(ExecChainElement.java:51)
at org.apache.hc.client5.http.impl.classic.ExecChainElement$1.proceed(ExecChainElement.java:57)
at org.apache.hc.client5.http.impl.classic.HttpRequestRetryExec.execute(HttpRequestRetryExec.java:96)
at org.apache.hc.client5.http.impl.classic.ExecChainElement.execute(ExecChainElement.java:51)
at org.apache.hc.client5.http.impl.classic.ExecChainElement$1.proceed(ExecChainElement.java:57)
at org.apache.hc.client5.http.impl.classic.ContentCompressionExec.execute(ContentCompressionExec.java:133)
at org.apache.hc.client5.http.impl.classic.ExecChainElement.execute(ExecChainElement.java:51)
at org.apache.hc.client5.http.impl.classic.ExecChainElement$1.proceed(ExecChainElement.java:57)
at org.apache.hc.client5.http.impl.classic.RedirectExec.execute(RedirectExec.java:115)
at org.apache.hc.client5.http.impl.classic.ExecChainElement.execute(ExecChainElement.java:51)
at org.apache.hc.client5.http.impl.classic.InternalHttpClient.doExecute(InternalHttpClient.java:170)
at org.apache.hc.client5.http.impl.classic.CloseableHttpClient.execute(CloseableHttpClient.java:75)
at org.apache.hc.client5.http.impl.classic.CloseableHttpClient.execute(CloseableHttpClient.java:89)
at io.github.bonigarcia.wdm.online.HttpClient.execute(HttpClient.java:158)
at io.github.bonigarcia.wdm.WebDriverManager.getDriversFromXml(WebDriverManager.java:1544)
... 37 more
... Removed 25 stack frames]]>
    </failure>
  </testcase> <!-- @BeforeClass configBC -->
  <testcase classname="com.edu.lms.genericUtility.BaseClass" name="@BeforeMethod configBM" time="-1.660737572417E9">
    <skipped/>
  </testcase> <!-- @BeforeMethod configBM -->
  <testcase classname="com.edu.lms.genericUtility.BaseClass" name="@AfterMethod configAM" time="-1.660737572434E9">
    <skipped/>
  </testcase> <!-- @AfterMethod configAM -->
  <testcase classname="com.edu.lms.genericUtility.BaseClass" name="@AfterClass configAC" time="-1.660737572445E9">
    <skipped/>
  </testcase> <!-- @AfterClass configAC -->
  <testcase classname="org.sdet38.practice.AddDesignationTest" name="addDesignationTest" time="0.0">
    <skipped/>
  </testcase> <!-- addDesignationTest -->
</testsuite> <!-- Test -->
