<?xml version="1.0" encoding="UTF-8"?>
<testng-results ignored="0" total="3" passed="3" failed="0" skipped="0">
  <reporter-output>
  </reporter-output>
  <suite started-at="2022-08-22T17:34:54 IST" name="Default suite" finished-at="2022-08-22T17:35:03 IST" duration-ms="8815">
    <groups>
    </groups>
    <test started-at="2022-08-22T17:34:54 IST" name="Default test" finished-at="2022-08-22T17:35:03 IST" duration-ms="8815">
      <class name="org.sdet38.practice.AddDesignationTest">
        <test-method is-config="true" signature="configBS()[pri:0, instance:org.sdet38.practice.AddDesignationTest@58d75e99]" started-at="2022-08-22T17:34:54 IST" name="configBS" finished-at="2022-08-22T17:34:54 IST" duration-ms="8" status="PASS">
          <reporter-output>
          </reporter-output>
        </test-method> <!-- configBS -->
        <test-method is-config="true" signature="configBC()[pri:0, instance:org.sdet38.practice.AddDesignationTest@58d75e99]" started-at="2022-08-22T17:34:54 IST" name="configBC" finished-at="2022-08-22T17:34:57 IST" duration-ms="2357" status="PASS">
          <reporter-output>
          </reporter-output>
        </test-method> <!-- configBC -->
        <test-method is-config="true" signature="configBM()[pri:0, instance:org.sdet38.practice.AddDesignationTest@58d75e99]" started-at="2022-08-22T17:34:57 IST" name="configBM" finished-at="2022-08-22T17:34:58 IST" duration-ms="1815" status="PASS">
          <reporter-output>
          </reporter-output>
        </test-method> <!-- configBM -->
        <test-method signature="addDesignationNegativeTest1()[pri:0, instance:org.sdet38.practice.AddDesignationTest@58d75e99]" started-at="2022-08-22T17:34:58 IST" name="addDesignationNegativeTest1" finished-at="2022-08-22T17:34:59 IST" duration-ms="1010" status="PASS">
          <reporter-output>
          </reporter-output>
        </test-method> <!-- addDesignationNegativeTest1 -->
        <test-method is-config="true" signature="configAM()[pri:0, instance:org.sdet38.practice.AddDesignationTest@58d75e99]" started-at="2022-08-22T17:34:59 IST" name="configAM" finished-at="2022-08-22T17:34:59 IST" duration-ms="1" status="PASS">
          <reporter-output>
          </reporter-output>
        </test-method> <!-- configAM -->
        <test-method is-config="true" signature="configBM()[pri:0, instance:org.sdet38.practice.AddDesignationTest@58d75e99]" started-at="2022-08-22T17:34:59 IST" name="configBM" finished-at="2022-08-22T17:35:00 IST" duration-ms="531" status="PASS">
          <reporter-output>
          </reporter-output>
        </test-method> <!-- configBM -->
        <test-method signature="addDesignationNegativeTest2()[pri:0, instance:org.sdet38.practice.AddDesignationTest@58d75e99]" started-at="2022-08-22T17:35:00 IST" name="addDesignationNegativeTest2" finished-at="2022-08-22T17:35:01 IST" duration-ms="926" status="PASS">
          <reporter-output>
          </reporter-output>
        </test-method> <!-- addDesignationNegativeTest2 -->
        <test-method is-config="true" signature="configAM()[pri:0, instance:org.sdet38.practice.AddDesignationTest@58d75e99]" started-at="2022-08-22T17:35:01 IST" name="configAM" finished-at="2022-08-22T17:35:01 IST" duration-ms="0" status="PASS">
          <reporter-output>
          </reporter-output>
        </test-method> <!-- configAM -->
        <test-method is-config="true" signature="configBM()[pri:0, instance:org.sdet38.practice.AddDesignationTest@58d75e99]" started-at="2022-08-22T17:35:01 IST" name="configBM" finished-at="2022-08-22T17:35:02 IST" duration-ms="637" status="PASS">
          <reporter-output>
          </reporter-output>
        </test-method> <!-- configBM -->
        <test-method signature="addDesignationTest()[pri:0, instance:org.sdet38.practice.AddDesignationTest@58d75e99]" started-at="2022-08-22T17:35:02 IST" name="addDesignationTest" finished-at="2022-08-22T17:35:03 IST" duration-ms="1182" status="PASS">
          <reporter-output>
          </reporter-output>
        </test-method> <!-- addDesignationTest -->
        <test-method is-config="true" signature="configAM()[pri:0, instance:org.sdet38.practice.AddDesignationTest@58d75e99]" started-at="2022-08-22T17:35:03 IST" name="configAM" finished-at="2022-08-22T17:35:03 IST" duration-ms="0" status="PASS">
          <reporter-output>
          </reporter-output>
        </test-method> <!-- configAM -->
        <test-method is-config="true" signature="configAC()[pri:0, instance:org.sdet38.practice.AddDesignationTest@58d75e99]" started-at="2022-08-22T17:35:03 IST" name="configAC" finished-at="2022-08-22T17:35:03 IST" duration-ms="309" status="PASS">
          <reporter-output>
          </reporter-output>
        </test-method> <!-- configAC -->
        <test-method is-config="true" signature="configAS()[pri:0, instance:org.sdet38.practice.AddDesignationTest@58d75e99]" started-at="2022-08-22T17:35:03 IST" name="configAS" finished-at="2022-08-22T17:35:03 IST" duration-ms="0" status="PASS">
          <reporter-output>
          </reporter-output>
        </test-method> <!-- configAS -->
      </class> <!-- org.sdet38.practice.AddDesignationTest -->
    </test> <!-- Default test -->
  </suite> <!-- Default suite -->
</testng-results>
